<?xml version="1.0" encoding="UTF-8"?>
<!-- Generated by org.testng.reporters.JUnitReportReporter -->
<testsuite skipped="0" hostname="MKNB770" name="com.example.library.service.BookServiceTest" tests="4" failures="0" timestamp="28 Jul 2020 17:59:04 GMT" time="0.623" errors="0">
  <testcase name="getBooksTest" time="0.158" classname="com.example.library.service.BookServiceTest"/>
  <testcase name="updateBookTest" time="0.154" classname="com.example.library.service.BookServiceTest"/>
  <testcase name="deleteBookTest" time="0.155" classname="com.example.library.service.BookServiceTest"/>
  <testcase name="addBookTest" time="0.156" classname="com.example.library.service.BookServiceTest"/>
</testsuite> <!-- com.example.library.service.BookServiceTest -->
