<?xml version="1.0" encoding="UTF-8"?>
<!-- Generated by org.testng.reporters.JUnitReportReporter -->
<testsuite skipped="0" hostname="MKNB770" name="com.example.library.LibraryTest" tests="2" failures="0" timestamp="28 Jul 2020 17:59:04 GMT" time="13.279" errors="0">
  <testcase name="testCreateBook" time="6.512" classname="com.example.library.LibraryTest"/>
  <testcase name="testGetAllBooks" time="6.767" classname="com.example.library.LibraryTest"/>
</testsuite> <!-- com.example.library.LibraryTest -->
